


ARM Macro Assembler    Page 1 


    1 00000000                 AREA             Signal, DATA, READONLY
    2 00000000                 export           TabSig2
    3 00000000         
    4 00000000         ; Fnor = 1.000
    5 00000000         ;   Ph = 0.000
    6 00000000         ;    A = 0.500
    7 00000000         
    8 00000000         TabSig2
    9 00000000 01 08           DCW              2049        ;  0 0x0801  0.5002
                                                            4
   10 00000002 00 08           DCW              2048        ;  1 0x0800  0.5000
                                                            0
   11 00000004 00 08           DCW              2048        ;  2 0x0800  0.5000
                                                            0
   12 00000006 00 08           DCW              2048        ;  3 0x0800  0.5000
                                                            0
   13 00000008 00 08           DCW              2048        ;  4 0x0800  0.5000
                                                            0
   14 0000000A 00 08           DCW              2048        ;  5 0x0800  0.5000
                                                            0
   15 0000000C 00 08           DCW              2048        ;  6 0x0800  0.5000
                                                            0
   16 0000000E 00 08           DCW              2048        ;  7 0x0800  0.5000
                                                            0
   17 00000010 00 08           DCW              2048        ;  8 0x0800  0.5000
                                                            0
   18 00000012 00 08           DCW              2048        ;  9 0x0800  0.5000
                                                            0
   19 00000014 00 08           DCW              2048        ; 10 0x0800  0.5000
                                                            0
   20 00000016 00 08           DCW              2048        ; 11 0x0800  0.5000
                                                            0
   21 00000018 00 08           DCW              2048        ; 12 0x0800  0.5000
                                                            0
   22 0000001A 00 08           DCW              2048        ; 13 0x0800  0.5000
                                                            0
   23 0000001C 00 08           DCW              2048        ; 14 0x0800  0.5000
                                                            0
   24 0000001E 00 08           DCW              2048        ; 15 0x0800  0.5000
                                                            0
   25 00000020 00 08           DCW              2048        ; 16 0x0800  0.5000
                                                            0
   26 00000022 00 08           DCW              2048        ; 17 0x0800  0.5000
                                                            0
   27 00000024 00 08           DCW              2048        ; 18 0x0800  0.5000
                                                            0
   28 00000026 00 08           DCW              2048        ; 19 0x0800  0.5000
                                                            0
   29 00000028 00 08           DCW              2048        ; 20 0x0800  0.5000
                                                            0
   30 0000002A 00 08           DCW              2048        ; 21 0x0800  0.5000
                                                            0
   31 0000002C 00 08           DCW              2048        ; 22 0x0800  0.5000
                                                            0
   32 0000002E 00 08           DCW              2048        ; 23 0x0800  0.5000
                                                            0
   33 00000030 00 08           DCW              2048        ; 24 0x0800  0.5000
                                                            0
   34 00000032 00 08           DCW              2048        ; 25 0x0800  0.5000



ARM Macro Assembler    Page 2 


                                                            0
   35 00000034 00 08           DCW              2048        ; 26 0x0800  0.5000
                                                            0
   36 00000036 00 08           DCW              2048        ; 27 0x0800  0.5000
                                                            0
   37 00000038 00 08           DCW              2048        ; 28 0x0800  0.5000
                                                            0
   38 0000003A 00 08           DCW              2048        ; 29 0x0800  0.5000
                                                            0
   39 0000003C 00 08           DCW              2048        ; 30 0x0800  0.5000
                                                            0
   40 0000003E 00 08           DCW              2048        ; 31 0x0800  0.5000
                                                            0
   41 00000040 00 08           DCW              2048        ; 32 0x0800  0.5000
                                                            0
   42 00000042 00 08           DCW              2048        ; 33 0x0800  0.5000
                                                            0
   43 00000044 00 08           DCW              2048        ; 34 0x0800  0.5000
                                                            0
   44 00000046 00 08           DCW              2048        ; 35 0x0800  0.5000
                                                            0
   45 00000048 00 08           DCW              2048        ; 36 0x0800  0.5000
                                                            0
   46 0000004A 00 08           DCW              2048        ; 37 0x0800  0.5000
                                                            0
   47 0000004C 00 08           DCW              2048        ; 38 0x0800  0.5000
                                                            0
   48 0000004E 00 08           DCW              2048        ; 39 0x0800  0.5000
                                                            0
   49 00000050 00 08           DCW              2048        ; 40 0x0800  0.5000
                                                            0
   50 00000052 00 08           DCW              2048        ; 41 0x0800  0.5000
                                                            0
   51 00000054 00 08           DCW              2048        ; 42 0x0800  0.5000
                                                            0
   52 00000056 00 08           DCW              2048        ; 43 0x0800  0.5000
                                                            0
   53 00000058 00 08           DCW              2048        ; 44 0x0800  0.5000
                                                            0
   54 0000005A 00 08           DCW              2048        ; 45 0x0800  0.5000
                                                            0
   55 0000005C 00 08           DCW              2048        ; 46 0x0800  0.5000
                                                            0
   56 0000005E 00 08           DCW              2048        ; 47 0x0800  0.5000
                                                            0
   57 00000060 00 08           DCW              2048        ; 48 0x0800  0.5000
                                                            0
   58 00000062 00 08           DCW              2048        ; 49 0x0800  0.5000
                                                            0
   59 00000064 00 08           DCW              2048        ; 50 0x0800  0.5000
                                                            0
   60 00000066 00 08           DCW              2048        ; 51 0x0800  0.5000
                                                            0
   61 00000068 00 08           DCW              2048        ; 52 0x0800  0.5000
                                                            0
   62 0000006A 00 08           DCW              2048        ; 53 0x0800  0.5000
                                                            0
   63 0000006C 00 08           DCW              2048        ; 54 0x0800  0.5000
                                                            0



ARM Macro Assembler    Page 3 


   64 0000006E 00 08           DCW              2048        ; 55 0x0800  0.5000
                                                            0
   65 00000070 00 08           DCW              2048        ; 56 0x0800  0.5000
                                                            0
   66 00000072 00 08           DCW              2048        ; 57 0x0800  0.5000
                                                            0
   67 00000074 00 08           DCW              2048        ; 58 0x0800  0.5000
                                                            0
   68 00000076 00 08           DCW              2048        ; 59 0x0800  0.5000
                                                            0
   69 00000078 00 08           DCW              2048        ; 60 0x0800  0.5000
                                                            0
   70 0000007A 00 08           DCW              2048        ; 61 0x0800  0.5000
                                                            0
   71 0000007C 00 08           DCW              2048        ; 62 0x0800  0.5000
                                                            0
   72 0000007E 00 08           DCW              2048        ; 63 0x0800  0.5000
                                                            0
   73 00000080         
   74 00000080                 END
Command Line: --debug --xref --diag_suppress=9931 --cpu=Cortex-M3 --apcs=interw
ork --depend=.\obj\signala0.5.d -o.\obj\signala0.5.o -I.\RTE\_Simu -ID:\Users\m
achilus\AppData\Local\Arm\Packs\ARM\CMSIS\5.6.0\CMSIS\Core\Include -ID:\Users\m
achilus\AppData\Local\Arm\Packs\Keil\STM32F1xx_DFP\2.3.0\Device\Include --prede
fine="__EVAL SETA 1" --predefine="__MICROLIB SETA 1" --predefine="__UVISION_VER
SION SETA 529" --predefine="_RTE_ SETA 1" --predefine="STM32F10X_MD SETA 1" --l
ist=signala0.5.lst SignalA0.5.asm



ARM Macro Assembler    Page 1 Alphabetic symbol ordering
Relocatable symbols

Signal 00000000

Symbol: Signal
   Definitions
      At line 1 in file SignalA0.5.asm
   Uses
      None
Comment: Signal unused
TabSig2 00000000

Symbol: TabSig2
   Definitions
      At line 8 in file SignalA0.5.asm
   Uses
      At line 2 in file SignalA0.5.asm
Comment: TabSig2 used once
2 symbols
337 symbols in table
