


ARM Macro Assembler    Page 1 


    1 00000000                 AREA             Signal, DATA, READONLY
    2 00000000                 export           TabSig1
    3 00000000         
    4 00000000         ; Fnor = 1.000
    5 00000000         ;   Ph = -90.000
    6 00000000         ;    A = 2048.000
    7 00000000         
    8 00000000         TabSig1
    9 00000000 00 08           DCW              2048        ;  0 0x0800  0.5000
                                                            0
   10 00000002 C9 08           DCW              2249        ;  1 0x08c9  0.5490
                                                            7
   11 00000004 90 09           DCW              2448        ;  2 0x0990  0.5976
                                                            6
   12 00000006 53 0A           DCW              2643        ;  3 0x0a53  0.6452
                                                            6
   13 00000008 10 0B           DCW              2832        ;  4 0x0b10  0.6914
                                                            1
   14 0000000A C5 0B           DCW              3013        ;  5 0x0bc5  0.7356
                                                            0
   15 0000000C 72 0C           DCW              3186        ;  6 0x0c72  0.7778
                                                            3
   16 0000000E 13 0D           DCW              3347        ;  7 0x0d13  0.8171
                                                            4
   17 00000010 A8 0D           DCW              3496        ;  8 0x0da8  0.8535
                                                            2
   18 00000012 2F 0E           DCW              3631        ;  9 0x0e2f  0.8864
                                                            7
   19 00000014 A7 0E           DCW              3751        ; 10 0x0ea7  0.9157
                                                            7
   20 00000016 0E 0F           DCW              3854        ; 11 0x0f0e  0.9409
                                                            2
   21 00000018 64 0F           DCW              3940        ; 12 0x0f64  0.9619
                                                            1
   22 0000001A A8 0F           DCW              4008        ; 13 0x0fa8  0.9785
                                                            2
   23 0000001C D9 0F           DCW              4057        ; 14 0x0fd9  0.9904
                                                            8
   24 0000001E F6 0F           DCW              4086        ; 15 0x0ff6  0.9975
                                                            6
   25 00000020 FF 0F           DCW              4095        ; 16 0x0fff  0.9997
                                                            6
   26 00000022 F6 0F           DCW              4086        ; 17 0x0ff6  0.9975
                                                            6
   27 00000024 D9 0F           DCW              4057        ; 18 0x0fd9  0.9904
                                                            8
   28 00000026 A8 0F           DCW              4008        ; 19 0x0fa8  0.9785
                                                            2
   29 00000028 64 0F           DCW              3940        ; 20 0x0f64  0.9619
                                                            1
   30 0000002A 0E 0F           DCW              3854        ; 21 0x0f0e  0.9409
                                                            2
   31 0000002C A7 0E           DCW              3751        ; 22 0x0ea7  0.9157
                                                            7
   32 0000002E 2F 0E           DCW              3631        ; 23 0x0e2f  0.8864
                                                            7
   33 00000030 A8 0D           DCW              3496        ; 24 0x0da8  0.8535
                                                            2
   34 00000032 13 0D           DCW              3347        ; 25 0x0d13  0.8171



ARM Macro Assembler    Page 2 


                                                            4
   35 00000034 72 0C           DCW              3186        ; 26 0x0c72  0.7778
                                                            3
   36 00000036 C5 0B           DCW              3013        ; 27 0x0bc5  0.7356
                                                            0
   37 00000038 10 0B           DCW              2832        ; 28 0x0b10  0.6914
                                                            1
   38 0000003A 53 0A           DCW              2643        ; 29 0x0a53  0.6452
                                                            6
   39 0000003C 90 09           DCW              2448        ; 30 0x0990  0.5976
                                                            6
   40 0000003E C9 08           DCW              2249        ; 31 0x08c9  0.5490
                                                            7
   41 00000040 00 08           DCW              2048        ; 32 0x0800  0.5000
                                                            0
   42 00000042 37 07           DCW              1847        ; 33 0x0737  0.4509
                                                            3
   43 00000044 70 06           DCW              1648        ; 34 0x0670  0.4023
                                                            4
   44 00000046 AD 05           DCW              1453        ; 35 0x05ad  0.3547
                                                            4
   45 00000048 F0 04           DCW              1264        ; 36 0x04f0  0.3085
                                                            9
   46 0000004A 3B 04           DCW              1083        ; 37 0x043b  0.2644
                                                            0
   47 0000004C 8E 03           DCW              910         ; 38 0x038e  0.2221
                                                            7
   48 0000004E ED 02           DCW              749         ; 39 0x02ed  0.1828
                                                            6
   49 00000050 58 02           DCW              600         ; 40 0x0258  0.1464
                                                            8
   50 00000052 D1 01           DCW              465         ; 41 0x01d1  0.1135
                                                            3
   51 00000054 59 01           DCW              345         ; 42 0x0159  0.0842
                                                            3
   52 00000056 F2 00           DCW              242         ; 43 0x00f2  0.0590
                                                            8
   53 00000058 9C 00           DCW              156         ; 44 0x009c  0.0380
                                                            9
   54 0000005A 58 00           DCW              88          ; 45 0x0058  0.0214
                                                            8
   55 0000005C 27 00           DCW              39          ; 46 0x0027  0.0095
                                                            2
   56 0000005E 0A 00           DCW              10          ; 47 0x000a  0.0024
                                                            4
   57 00000060 00 00           DCW              0           ; 48 0x0000  0.0000
                                                            0
   58 00000062 0A 00           DCW              10          ; 49 0x000a  0.0024
                                                            4
   59 00000064 27 00           DCW              39          ; 50 0x0027  0.0095
                                                            2
   60 00000066 58 00           DCW              88          ; 51 0x0058  0.0214
                                                            8
   61 00000068 9C 00           DCW              156         ; 52 0x009c  0.0380
                                                            9
   62 0000006A F2 00           DCW              242         ; 53 0x00f2  0.0590
                                                            8
   63 0000006C 59 01           DCW              345         ; 54 0x0159  0.0842
                                                            3



ARM Macro Assembler    Page 3 


   64 0000006E D1 01           DCW              465         ; 55 0x01d1  0.1135
                                                            3
   65 00000070 58 02           DCW              600         ; 56 0x0258  0.1464
                                                            8
   66 00000072 ED 02           DCW              749         ; 57 0x02ed  0.1828
                                                            6
   67 00000074 8E 03           DCW              910         ; 58 0x038e  0.2221
                                                            7
   68 00000076 3B 04           DCW              1083        ; 59 0x043b  0.2644
                                                            0
   69 00000078 F0 04           DCW              1264        ; 60 0x04f0  0.3085
                                                            9
   70 0000007A AD 05           DCW              1453        ; 61 0x05ad  0.3547
                                                            4
   71 0000007C 70 06           DCW              1648        ; 62 0x0670  0.4023
                                                            4
   72 0000007E 37 07           DCW              1847        ; 63 0x0737  0.4509
                                                            3
   73 00000080         
   74 00000080                 END
Command Line: --debug --xref --diag_suppress=9931 --cpu=Cortex-M3 --apcs=interw
ork --depend=.\obj\signal90.d -o.\obj\signal90.o -I.\RTE\_Simu -ID:\Users\machi
lus\AppData\Local\Arm\Packs\ARM\CMSIS\5.6.0\CMSIS\Core\Include -ID:\Users\machi
lus\AppData\Local\Arm\Packs\Keil\STM32F1xx_DFP\2.3.0\Device\Include --predefine
="__EVAL SETA 1" --predefine="__MICROLIB SETA 1" --predefine="__UVISION_VERSION
 SETA 529" --predefine="_RTE_ SETA 1" --predefine="STM32F10X_MD SETA 1" --list=
signal90.lst Signal90.asm



ARM Macro Assembler    Page 1 Alphabetic symbol ordering
Relocatable symbols

Signal 00000000

Symbol: Signal
   Definitions
      At line 1 in file Signal90.asm
   Uses
      None
Comment: Signal unused
TabSig1 00000000

Symbol: TabSig1
   Definitions
      At line 8 in file Signal90.asm
   Uses
      At line 2 in file Signal90.asm
Comment: TabSig1 used once
2 symbols
337 symbols in table
