


ARM Macro Assembler    Page 1 


    1 00000000                 thumb
    2 00000000         
    3 00000000                 area             madata, data, readwrite
    4 00000000         
    5 00000000                 export           Mk
    6 00000000         
    7 00000000                 area             moncode, code, readonly
    8 00000000                 import           TabSin
    9 00000000                 import           TabCos
   10 00000000         
   11 00000000 00000040 
                       N       equ              64          ;N = 64
   12 00000000         
   13 00000000         Mk      proc
   14 00000000 B500            push             {lr}        ;empiler lr
   15 00000002         
   16 00000002 4A18            ldr              r2,=TabCos  ;r2=cos 
   17 00000004         
   18 00000004 F84D 9D04       push             {r9}
   19 00000008 4681            mov              r9,r0       ;r9=r0 r0 =>l'adres
                                                            se du table signal
   20 0000000A F7FF FFFE       bl               Sigma       ;sauter dans le cal
                                                            cul de la partie r√
                                                            ©el
   21 0000000E         ;r12 resultat partie reel
   22 0000000E E92D 0180       push             {r7-r8}
   23 00000012 FB8C 780C       smull            r7,r8,r12,r12 ;32 bit high =>r8
                                                             ; 32 bit low=>r7 
   24 00000016         
   25 00000016         
   26 00000016 4648            mov              r0,r9       ;r0=r9 r0 =>l'adres
                                                            se du table signal
   27 00000018 4A13            ldr              r2,=TabSin  ;r2=sin
   28 0000001A F7FF FFFE       bl               Sigma       ;sauter dans le cal
                                                            cul de la partie r√
                                                            ©el
   29 0000001E         ;r12 resultat partie reel
   30 0000001E         
   31 0000001E FBCC 780C       smlal            r7,r8,r12,r12 ;32 bit high +r8=
                                                            >r8 ; 32 bit low+r7
                                                            =>r7
   32 00000022         
   33 00000022 4640            mov              r0,r8       ;r0=>r8 32bit*32bit
                                                            =64bit on garde seu
                                                            lement le high pour
                                                             le 32bit
   34 00000024         
   35 00000024 E8BD 0380       pop              {r7-r9}
   36 00000028 F85D EB04       pop              {lr}        ;d√©piler lr
   37 0000002C 4770            bx               lr
   38 0000002E         
   39 0000002E                 endp
   40 0000002E         
   41 0000002E         Sigma   proc
   42 0000002E         
   43 0000002E F04F 0300       mov              r3,#0       ;affecter r3 avec 0
                                                             => i
   44 00000032 F04F 0C00       mov              r12,#0      ;affecter r12 avec 
                                                            0



ARM Macro Assembler    Page 2 


   45 00000036         Debut
   46 00000036         ;la boucle commence 
   47 00000036 2B40            cmp              r3,#N       ;comparaison r3 et 
                                                            N 64 => r3<=N
   48 00000038 D011            beq              Fin         ;si r3==N sauter da
                                                            ns la fin , on fini
                                                            t le boucle
   49 0000003A         
   50 0000003A         ;partie sinon
   51 0000003A         
   52 0000003A B410            push             {r4}        ;empiler/utiliser r
                                                            4
   53 0000003C F930 4013       ldrsh            r4,[r0,r3,lsl #1] ;r4=r0+r3*2^1
                                                             (lsl #1=decalage √
                                                            † gauche =2^#1=10(b
                                                            inaire))
   54 00000040         ;r0 => l'adresse de base du signal
   55 00000040         
   56 00000040 B420            push             {r5}        ;empiler/utiliser r
                                                            5
   57 00000042 FB03 F501       mul              r5,r3,r1    ;r5=r3*r1 =>k*i
   58 00000046         ;r1 => la valeur de k
   59 00000046         
   60 00000046 F005 05BF       and              r5,#0xBF    ;(ik)%N=64 =>0xBF
   61 0000004A         
   62 0000004A B440            push             {r6}        ;empiler/utiliser r
                                                            5 recupperer cos/si
                                                            n dans r5
   63 0000004C F932 6015       ldrsh            r6,[r2,r5,lsl #1] ;r6=r2+r5*2^1
                                                             (lsl #1=decalage √
                                                            † gauche =2^#1=10(b
                                                            inaire))
   64 00000050         ;r2 l'adresse de la table (cos ou sin)
   65 00000050         
   66 00000050 FB04 F406       mul              r4,r4,r6    ;x/signal(i)*sin/co
                                                            s(ik2pi/N)
   67 00000054 44A4            add              r12,r12,r4  ;r12=r12+r4 => re(k
                                                            )=re(k-1)+x(i)*sin/
                                                            cos
   68 00000056         
   69 00000056 F103 0301       add              r3,#1       ;r3=r3+1 i++
   70 0000005A         
   71 0000005A BC70            pop              {r4-r6}     ;d√©piler/vider r4-
                                                            r6
   72 0000005C         
   73 0000005C E7EB            b                Debut
   74 0000005E         
   75 0000005E         Fin
   76 0000005E 4660            mov              r0,r12      ;r0=r12
   77 00000060 4770            bx               lr
   78 00000062                 endp
   79 00000062                 end
              00 00 00000000 
              00000000 
Command Line: --debug --xref --diag_suppress=9931 --cpu=Cortex-M3 --apcs=interw
ork --depend=.\obj\dft.d -o.\obj\dft.o -I.\RTE\_Simu -ID:\Users\machilus\AppDat
a\Local\Arm\Packs\ARM\CMSIS\5.6.0\CMSIS\Core\Include -ID:\Users\machilus\AppDat
a\Local\Arm\Packs\Keil\STM32F1xx_DFP\2.3.0\Device\Include --predefine="__EVAL S
ETA 1" --predefine="__MICROLIB SETA 1" --predefine="__UVISION_VERSION SETA 529"



ARM Macro Assembler    Page 3 


 --predefine="_RTE_ SETA 1" --predefine="STM32F10X_MD SETA 1" --list=dft.lst df
t.s



ARM Macro Assembler    Page 1 Alphabetic symbol ordering
Relocatable symbols

madata 00000000

Symbol: madata
   Definitions
      At line 3 in file dft.s
   Uses
      None
Comment: madata unused
1 symbol



ARM Macro Assembler    Page 1 Alphabetic symbol ordering
Relocatable symbols

Debut 00000036

Symbol: Debut
   Definitions
      At line 45 in file dft.s
   Uses
      At line 73 in file dft.s
Comment: Debut used once
Fin 0000005E

Symbol: Fin
   Definitions
      At line 75 in file dft.s
   Uses
      At line 48 in file dft.s
Comment: Fin used once
Mk 00000000

Symbol: Mk
   Definitions
      At line 13 in file dft.s
   Uses
      At line 5 in file dft.s
Comment: Mk used once
Sigma 0000002E

Symbol: Sigma
   Definitions
      At line 41 in file dft.s
   Uses
      At line 20 in file dft.s
      At line 28 in file dft.s

moncode 00000000

Symbol: moncode
   Definitions
      At line 7 in file dft.s
   Uses
      None
Comment: moncode unused
5 symbols



ARM Macro Assembler    Page 1 Alphabetic symbol ordering
Absolute symbols

N 00000040

Symbol: N
   Definitions
      At line 11 in file dft.s
   Uses
      At line 47 in file dft.s
Comment: N used once
1 symbol



ARM Macro Assembler    Page 1 Alphabetic symbol ordering
External symbols

TabCos 00000000

Symbol: TabCos
   Definitions
      At line 9 in file dft.s
   Uses
      At line 16 in file dft.s
Comment: TabCos used once
TabSin 00000000

Symbol: TabSin
   Definitions
      At line 8 in file dft.s
   Uses
      At line 27 in file dft.s
Comment: TabSin used once
2 symbols
346 symbols in table
